<?xml version="1.0" encoding="UTF-8"?>
<testng-results ignored="0" total="2" passed="2" failed="0" skipped="0">
  <reporter-output>
  </reporter-output>
  <suite started-at="2023-03-22T12:49:56 IST" name="Suite" finished-at="2023-03-22T12:50:34 IST" duration-ms="37512">
    <groups>
    </groups>
    <test started-at="2023-03-22T12:49:56 IST" name="Test" finished-at="2023-03-22T12:50:34 IST" duration-ms="37512">
      <class name="docker.Docker_setup">
        <test-method is-config="true" signature="dockerStart()[pri:0, instance:docker.Docker_setup@71238fc2]" started-at="2023-03-22T12:49:41 IST" name="dockerStart" finished-at="2023-03-22T12:49:56 IST" duration-ms="15057" status="PASS">
          <reporter-output>
          </reporter-output>
        </test-method> <!-- dockerStart -->
        <test-method is-config="true" signature="dockerStop()[pri:0, instance:docker.Docker_setup@71238fc2]" started-at="2023-03-22T12:50:34 IST" name="dockerStop" finished-at="2023-03-22T12:50:39 IST" duration-ms="5036" status="PASS">
          <reporter-output>
          </reporter-output>
        </test-method> <!-- dockerStop -->
      </class> <!-- docker.Docker_setup -->
      <class name="docker.Docker2">
        <test-method signature="validateAppNavBar()[pri:0, instance:docker.Docker2@73e22a3d]" started-at="2023-03-22T12:49:56 IST" name="validateAppNavBar" finished-at="2023-03-22T12:50:28 IST" duration-ms="31940" status="PASS">
          <reporter-output>
          </reporter-output>
        </test-method> <!-- validateAppNavBar -->
      </class> <!-- docker.Docker2 -->
      <class name="docker.Docker3">
        <test-method signature="validateAppNavBar()[pri:0, instance:docker.Docker3@53d1b9b3]" started-at="2023-03-22T12:49:56 IST" name="validateAppNavBar" finished-at="2023-03-22T12:50:34 IST" duration-ms="37406" status="PASS">
          <reporter-output>
          </reporter-output>
        </test-method> <!-- validateAppNavBar -->
      </class> <!-- docker.Docker3 -->
    </test> <!-- Test -->
  </suite> <!-- Suite -->
</testng-results>
